/home/piotr/turtlebot3_ws/install/py_pubsub/lib/python3.10/site-packages/py_pubsub/__init__.py
/home/piotr/turtlebot3_ws/install/py_pubsub/lib/python3.10/site-packages/py_pubsub/controller.py
/home/piotr/turtlebot3_ws/install/py_pubsub/lib/python3.10/site-packages/py_pubsub/publisher_member_function.py
/home/piotr/turtlebot3_ws/install/py_pubsub/lib/python3.10/site-packages/py_pubsub/subscriber_member_function.py
/home/piotr/turtlebot3_ws/install/py_pubsub/lib/python3.10/site-packages/py_pubsub/__pycache__/__init__.cpython-310.pyc
/home/piotr/turtlebot3_ws/install/py_pubsub/lib/python3.10/site-packages/py_pubsub/__pycache__/controller.cpython-310.pyc
/home/piotr/turtlebot3_ws/install/py_pubsub/lib/python3.10/site-packages/py_pubsub/__pycache__/publisher_member_function.cpython-310.pyc
/home/piotr/turtlebot3_ws/install/py_pubsub/lib/python3.10/site-packages/py_pubsub/__pycache__/subscriber_member_function.cpython-310.pyc
/home/piotr/turtlebot3_ws/install/py_pubsub/share/ament_index/resource_index/packages/py_pubsub
/home/piotr/turtlebot3_ws/install/py_pubsub/share/py_pubsub/package.xml
/home/piotr/turtlebot3_ws/install/py_pubsub/lib/python3.10/site-packages/py_pubsub-0.0.0-py3.10.egg-info/dependency_links.txt
/home/piotr/turtlebot3_ws/install/py_pubsub/lib/python3.10/site-packages/py_pubsub-0.0.0-py3.10.egg-info/zip-safe
/home/piotr/turtlebot3_ws/install/py_pubsub/lib/python3.10/site-packages/py_pubsub-0.0.0-py3.10.egg-info/top_level.txt
/home/piotr/turtlebot3_ws/install/py_pubsub/lib/python3.10/site-packages/py_pubsub-0.0.0-py3.10.egg-info/PKG-INFO
/home/piotr/turtlebot3_ws/install/py_pubsub/lib/python3.10/site-packages/py_pubsub-0.0.0-py3.10.egg-info/entry_points.txt
/home/piotr/turtlebot3_ws/install/py_pubsub/lib/python3.10/site-packages/py_pubsub-0.0.0-py3.10.egg-info/requires.txt
/home/piotr/turtlebot3_ws/install/py_pubsub/lib/python3.10/site-packages/py_pubsub-0.0.0-py3.10.egg-info/SOURCES.txt
/home/piotr/turtlebot3_ws/install/py_pubsub/lib/py_pubsub/controller
/home/piotr/turtlebot3_ws/install/py_pubsub/lib/py_pubsub/odom_subscriber
/home/piotr/turtlebot3_ws/install/py_pubsub/lib/py_pubsub/publisher
